This is pdfTeX, Version 3.1415926-2.4-1.40.13 (TeX Live 2012) (format=pdflatex 2012.6.30)  27 SEP 2013 09:01
entering extended mode
 restricted \write18 enabled.
 file:line:error style messages enabled.
 %&-line parsing enabled.
**Titelseite.tex
(./Titelseite.tex
LaTeX2e <2011/06/27>
Babel <v3.8m> and hyphenation patterns for english, dumylang, nohyphenation, ge
rman-x-2012-05-30, ngerman-x-2012-05-30, afrikaans, ancientgreek, ibycus, arabi
c, armenian, basque, bulgarian, catalan, pinyin, coptic, croatian, czech, danis
h, dutch, ukenglish, usenglishmax, esperanto, estonian, ethiopic, farsi, finnis
h, french, friulan, galician, german, ngerman, swissgerman, monogreek, greek, h
ungarian, icelandic, assamese, bengali, gujarati, hindi, kannada, malayalam, ma
rathi, oriya, panjabi, tamil, telugu, indonesian, interlingua, irish, italian, 
kurmanji, latin, latvian, lithuanian, mongolian, mongolianlmc, bokmal, nynorsk,
 polish, portuguese, romanian, romansh, russian, sanskrit, serbian, serbianc, s
lovak, slovenian, spanish, swedish, turkish, turkmen, ukrainian, uppersorbian, 
welsh, loaded.

./Titelseite.tex:1: LaTeX Error: Environment titlepage undefined.

See the LaTeX manual or LaTeX Companion for explanation.
Type  H <return>  for immediate help.
 ...                                              
                                                  
l.1 \begin{titlepage}
                     
? 

./Titelseite.tex:3: LaTeX Error: Missing \begin{document}.

See the LaTeX manual or LaTeX Companion for explanation.
Type  H <return>  for immediate help.
 ...                                              
                                                  
l.3 \begin{center}
                  
? 

Overfull \hbox (20.0pt too wide) in paragraph at lines 3--3
[] 
 []

./Titelseite.tex:6: Undefined control sequence.
l.6 { \huge
            \bfseries Software Engineering and Design
? 

Overfull \hbox (43.38866pt too wide) in paragraph at lines 6--7
 \OT1/cmr/bx/n/10 Software 
 []


Overfull \hbox (17.77768pt too wide) in paragraph at lines 6--7
 \OT1/cmr/bx/n/10 En- 
 []


Overfull \hbox (12.77771pt too wide) in paragraph at lines 6--7
 \OT1/cmr/bx/n/10 gi- 
 []


Overfull \hbox (25.4999pt too wide) in paragraph at lines 6--7
 \OT1/cmr/bx/n/10 neer- 
 []


Overfull \hbox (15.33325pt too wide) in paragraph at lines 6--7
 \OT1/cmr/bx/n/10 ing 
 []


Overfull \hbox (18.36794pt too wide) in paragraph at lines 6--7
 \OT1/cmr/bx/n/10 and 
 []


Overfull \hbox (17.92352pt too wide) in paragraph at lines 6--7
 \OT1/cmr/bx/n/10 De- 
 []


Overfull \hbox (19.86932pt too wide) in paragraph at lines 6--7
 \OT1/cmr/bx/n/10 sign 
 []


./Titelseite.tex:7: LaTeX Error: The font size command \normalsize is not defin
ed:
               there is probably something wrong with the class file.

See the LaTeX manual or LaTeX Companion for explanation.
Type  H <return>  for immediate help.
 ...                                              
                                                  
l.7 		\\ \normalsize
                     Solutions to the given tasks}
? 

Overfull \hbox (46.06363pt too wide) in paragraph at lines 7--8
 []\OT1/cmr/bx/n/10 Solutions 
 []


Overfull \hbox (10.22217pt too wide) in paragraph at lines 7--8
 \OT1/cmr/bx/n/10 to 
 []


Overfull \hbox (16.13187pt too wide) in paragraph at lines 7--8
 \OT1/cmr/bx/n/10 the 
 []


Overfull \hbox (26.35403pt too wide) in paragraph at lines 7--8
 \OT1/cmr/bx/n/10 given 
 []


Overfull \hbox (25.20398pt too wide) in paragraph at lines 7--8
 \OT1/cmr/bx/n/10 tasks 
 []

./Titelseite.tex:9: Undefined control sequence.
l.9 \HRule
           \\[1.5cm]
? 

./Titelseite.tex:9: LaTeX Error: There's no line here to end.

See the LaTeX manual or LaTeX Companion for explanation.
Type  H <return>  for immediate help.
 ...                                              
                                                  
l.9 \HRule \\
             [1.5cm]
? 
./Titelseite.tex:15: Undefined control sequence.
l.15 \begin{flushleft} \large
                             
? 
Missing character: There is no M in font nullfont